<?xml version="1.0" encoding="UTF-8"?>
<testsuite xmlns:xsi="http://www.w3.org/2001/XMLSchema-instance" xsi:noNamespaceSchemaLocation="https://maven.apache.org/surefire/maven-surefire-plugin/xsd/surefire-test-report-3.0.xsd" version="3.0" name="junitexample.ConditionsTest" time="0.008" tests="1" errors="0" skipped="1" failures="0">
  <properties>
[...]
</properties>
  <testcase name="UserDennerValidation" classname="junitexample.ConditionsTest" time="0">
    <skipped message="Environment variable [USER] does not exist"/>
  </testcase>
</testsuite>